A D/acs-admin////
A D/acs-api-browser////
A D/acs-authentication////
A D/acs-automated-testing////
A D/acs-bootstrap-installer////
A D/acs-content-repository////
A D/acs-core-docs////
A D/acs-developer-support////
A D/acs-kernel////
A D/acs-lang////
A D/acs-mail-lite////
A D/acs-messaging////
A D/acs-reference////
A D/acs-service-contract////
A D/acs-subsite////
A D/acs-tcl////
A D/acs-templating////
A D/ref-timezones////
A D/ref-countries////
A D/ref-language////
A D/acs-translations////
A D/intermedia-driver////
A D/openacs-default-theme////
A D/notifications////
A D/search////
A D/tsearch2-driver////
A D/xotcl-core////
A D/xotcl-request-monitor////
A D/xowiki////
A D/categories////
A D/acs-events////
A D/acs-datetime////
A D/file-storage////
A D/oacs-dav////
A D/rss-support////
A D/general-comments////
A D/attachments////
A D/richtext-ckeditor4////
A D/openacs-bootstrap5-theme////
A D/bootstrap-icons////
A D/xowf////
